<?xml version="1.0" encoding="UTF-8"?>
<!-- Generated by org.testng.reporters.JUnitReportReporter -->
<testsuite hostname="Muhammads-MacBook-Air.local" failures="0" tests="4" name="runner.TestRunner" time="66.026" errors="0" timestamp="2023-07-22T14:53:30 WIB" skipped="0">
  <testcase classname="runner.TestRunner" name="runScenario" time="29.472"/>
  <system-out/>
  <testcase classname="runner.TestRunner" name="runScenario" time="12.866"/>
  <system-out/>
  <testcase classname="runner.TestRunner" name="runScenario" time="8.632"/>
  <system-out/>
  <testcase classname="runner.TestRunner" name="runScenario" time="15.056"/>
  <system-out/>
</testsuite> <!-- runner.TestRunner -->
