<?xml version="1.0" encoding="UTF-8"?>
<!-- Generated by org.testng.reporters.JUnitReportReporter -->
<testsuite hostname="Muhammads-MacBook-Air.local" failures="0" tests="4" name="runner.TestRunner" time="68.380" errors="0" timestamp="2023-07-22T14:54:48 WIB" skipped="0">
  <testcase classname="runner.TestRunner" name="runScenario" time="29.586"/>
  <system-out/>
  <testcase classname="runner.TestRunner" name="runScenario" time="15.086"/>
  <system-out/>
  <testcase classname="runner.TestRunner" name="runScenario" time="10.782"/>
  <system-out/>
  <testcase classname="runner.TestRunner" name="runScenario" time="12.926"/>
  <system-out/>
</testsuite> <!-- runner.TestRunner -->
